This file contains any messages produced by compilers while
running configure, to aid debugging if configure makes a mistake.

It was created by FULL-PACKAGE-NAME configure VERSION, which was
generated by GNU Autoconf 2.69.  Invocation command line was

  $ ./configure --prefix /home/faygarcia/Desktop/os_folder

## --------- ##
## Platform. ##
## --------- ##

hostname = puter
uname -m = x86_64
uname -r = 6.12.5-100.fc40.x86_64
uname -s = Linux
uname -v = #1 SMP PREEMPT_DYNAMIC Mon Dec 16 15:00:58 UTC 2024

/usr/bin/uname -p = unknown
/bin/uname -X     = unknown

/bin/arch              = x86_64
/usr/bin/arch -k       = unknown
/usr/convex/getsysinfo = unknown
/usr/bin/hostinfo      = unknown
/bin/machine           = unknown
/usr/bin/oslevel       = unknown
/bin/universe          = unknown

PATH: /home/faygarcia/.local/bin
PATH: /home/faygarcia/bin
PATH: /usr/local/bin
PATH: /usr/local/sbin
PATH: /usr/bin
PATH: /usr/sbin


## ----------- ##
## Core tests. ##
## ----------- ##

configure:2151: checking for gcc
configure:2167: found /usr/bin/gcc
configure:2178: result: gcc
configure:2407: checking for C compiler version
configure:2416: gcc --version >&5
gcc (GCC) 14.2.1 20240912 (Red Hat 14.2.1-3)
Copyright (C) 2024 Free Software Foundation, Inc.
This is free software; see the source for copying conditions.  There is NO
warranty; not even for MERCHANTABILITY or FITNESS FOR A PARTICULAR PURPOSE.

configure:2427: $? = 0
configure:2416: gcc -v >&5
Using built-in specs.
COLLECT_GCC=gcc
COLLECT_LTO_WRAPPER=/usr/libexec/gcc/x86_64-redhat-linux/14/lto-wrapper
OFFLOAD_TARGET_NAMES=nvptx-none:amdgcn-amdhsa
OFFLOAD_TARGET_DEFAULT=1
Target: x86_64-redhat-linux
Configured with: ../configure --enable-bootstrap --enable-languages=c,c++,fortran,objc,obj-c++,ada,go,d,m2,lto --prefix=/usr --mandir=/usr/share/man --infodir=/usr/share/info --with-bugurl=http://bugzilla.redhat.com/bugzilla --enable-shared --enable-threads=posix --enable-checking=release --enable-multilib --with-system-zlib --enable-__cxa_atexit --disable-libunwind-exceptions --enable-gnu-unique-object --enable-linker-build-id --with-gcc-major-version-only --enable-libstdcxx-backtrace --with-libstdcxx-zoneinfo=/usr/share/zoneinfo --with-linker-hash-style=gnu --enable-plugin --enable-initfini-array --with-isl=/builddir/build/BUILD/gcc-14.2.1-20240912/obj-x86_64-redhat-linux/isl-install --enable-offload-targets=nvptx-none,amdgcn-amdhsa --enable-offload-defaulted --without-cuda-driver --enable-gnu-indirect-function --enable-cet --with-tune=generic --with-arch_32=i686 --build=x86_64-redhat-linux --with-build-config=bootstrap-lto --enable-link-serialization=1
Thread model: posix
Supported LTO compression algorithms: zlib zstd
gcc version 14.2.1 20240912 (Red Hat 14.2.1-3) (GCC) 
... rest of stderr output deleted ...
configure:2427: $? = 0
configure:2416: gcc -V >&5
gcc: error: unrecognized command-line option '-V'
gcc: fatal error: no input files
compilation terminated.
configure:2427: $? = 1
configure:2416: gcc -qversion >&5
gcc: error: unrecognized command-line option '-qversion'; did you mean '--version'?
gcc: fatal error: no input files
compilation terminated.
configure:2427: $? = 1
configure:2447: checking whether the C compiler works
configure:2469: gcc    conftest.c  >&5
configure:2473: $? = 0
configure:2521: result: yes
configure:2524: checking for C compiler default output file name
configure:2526: result: a.out
configure:2532: checking for suffix of executables
configure:2539: gcc -o conftest    conftest.c  >&5
configure:2543: $? = 0
configure:2565: result: 
configure:2587: checking whether we are cross compiling
configure:2595: gcc -o conftest    conftest.c  >&5
configure:2599: $? = 0
configure:2606: ./conftest
configure:2610: $? = 0
configure:2625: result: no
configure:2630: checking for suffix of object files
configure:2652: gcc -c   conftest.c >&5
configure:2656: $? = 0
configure:2677: result: o
configure:2681: checking whether we are using the GNU C compiler
configure:2700: gcc -c   conftest.c >&5
configure:2700: $? = 0
configure:2709: result: yes
configure:2718: checking whether gcc accepts -g
configure:2738: gcc -c -g  conftest.c >&5
configure:2738: $? = 0
configure:2779: result: yes
configure:2796: checking for gcc option to accept ISO C89
configure:2859: gcc  -c -g -O2  conftest.c >&5
configure:2859: $? = 0
configure:2872: result: none needed
configure:2896: checking for gcc option to accept ISO C99
configure:3045: gcc  -c -g -O2  conftest.c >&5
configure:3045: $? = 0
configure:3058: result: none needed
configure:3166: checking for gcc option to accept ISO Standard C
configure:3177: result: none needed
configure:3184: checking whether ln -s works
configure:3188: result: yes
configure:3238: checking for a BSD-compatible install
configure:3306: result: /usr/bin/install -c
configure:3327: checking how to run the C preprocessor
configure:3358: gcc -E  conftest.c
configure:3358: $? = 0
configure:3372: gcc -E  conftest.c
conftest.c:9:10: fatal error: ac_nonexistent.h: No such file or directory
    9 | #include <ac_nonexistent.h>
      |          ^~~~~~~~~~~~~~~~~~
compilation terminated.
configure:3372: $? = 1
configure: failed program was:
| /* confdefs.h */
| #define PACKAGE_NAME "FULL-PACKAGE-NAME"
| #define PACKAGE_TARNAME "full-package-name"
| #define PACKAGE_VERSION "VERSION"
| #define PACKAGE_STRING "FULL-PACKAGE-NAME VERSION"
| #define PACKAGE_BUGREPORT "BUG-REPORT-ADDRESS"
| #define PACKAGE_URL ""
| /* end confdefs.h.  */
| #include <ac_nonexistent.h>
configure:3397: result: gcc -E
configure:3417: gcc -E  conftest.c
configure:3417: $? = 0
configure:3431: gcc -E  conftest.c
conftest.c:9:10: fatal error: ac_nonexistent.h: No such file or directory
    9 | #include <ac_nonexistent.h>
      |          ^~~~~~~~~~~~~~~~~~
compilation terminated.
configure:3431: $? = 1
configure: failed program was:
| /* confdefs.h */
| #define PACKAGE_NAME "FULL-PACKAGE-NAME"
| #define PACKAGE_TARNAME "full-package-name"
| #define PACKAGE_VERSION "VERSION"
| #define PACKAGE_STRING "FULL-PACKAGE-NAME VERSION"
| #define PACKAGE_BUGREPORT "BUG-REPORT-ADDRESS"
| #define PACKAGE_URL ""
| /* end confdefs.h.  */
| #include <ac_nonexistent.h>
configure:3460: checking for grep that handles long lines and -e
configure:3518: result: /usr/bin/grep
configure:3523: checking for egrep
configure:3585: result: /usr/bin/grep -E
configure:3590: checking for ANSI C header files
configure:3610: gcc -c -g -O2  conftest.c >&5
configure:3610: $? = 0
configure:3683: gcc -o conftest -g -O2   conftest.c  >&5
configure:3683: $? = 0
configure:3683: ./conftest
configure:3683: $? = 0
configure:3694: result: yes
configure:3707: checking for sys/types.h
configure:3707: gcc -c -g -O2  conftest.c >&5
configure:3707: $? = 0
configure:3707: result: yes
configure:3707: checking for sys/stat.h
configure:3707: gcc -c -g -O2  conftest.c >&5
configure:3707: $? = 0
configure:3707: result: yes
configure:3707: checking for stdlib.h
configure:3707: gcc -c -g -O2  conftest.c >&5
configure:3707: $? = 0
configure:3707: result: yes
configure:3707: checking for string.h
configure:3707: gcc -c -g -O2  conftest.c >&5
configure:3707: $? = 0
configure:3707: result: yes
configure:3707: checking for memory.h
configure:3707: gcc -c -g -O2  conftest.c >&5
configure:3707: $? = 0
configure:3707: result: yes
configure:3707: checking for strings.h
configure:3707: gcc -c -g -O2  conftest.c >&5
configure:3707: $? = 0
configure:3707: result: yes
configure:3707: checking for inttypes.h
configure:3707: gcc -c -g -O2  conftest.c >&5
configure:3707: $? = 0
configure:3707: result: yes
configure:3707: checking for stdint.h
configure:3707: gcc -c -g -O2  conftest.c >&5
configure:3707: $? = 0
configure:3707: result: yes
configure:3707: checking for unistd.h
configure:3707: gcc -c -g -O2  conftest.c >&5
configure:3707: $? = 0
configure:3707: result: yes
configure:3722: checking fcntl.h usability
configure:3722: gcc -c -g -O2  conftest.c >&5
configure:3722: $? = 0
configure:3722: result: yes
configure:3722: checking fcntl.h presence
configure:3722: gcc -E  conftest.c
configure:3722: $? = 0
configure:3722: result: yes
configure:3722: checking for fcntl.h
configure:3722: result: yes
configure:3722: checking for stdlib.h
configure:3722: result: yes
configure:3722: checking for string.h
configure:3722: result: yes
configure:3722: checking sys/time.h usability
configure:3722: gcc -c -g -O2  conftest.c >&5
configure:3722: $? = 0
configure:3722: result: yes
configure:3722: checking sys/time.h presence
configure:3722: gcc -E  conftest.c
configure:3722: $? = 0
configure:3722: result: yes
configure:3722: checking for sys/time.h
configure:3722: result: yes
configure:3722: checking for unistd.h
configure:3722: result: yes
configure:3738: checking for stdlib.h
configure:3738: result: yes
configure:3748: checking for GNU libc compatible malloc
configure:3772: gcc -o conftest -g -O2   conftest.c  >&5
configure:3772: $? = 0
configure:3772: ./conftest
configure:3772: $? = 0
configure:3782: result: yes
configure:3809: checking for stdlib.h
configure:3809: result: yes
configure:3809: checking for unistd.h
configure:3809: result: yes
configure:3809: checking for sys/param.h
configure:3809: gcc -c -g -O2  conftest.c >&5
configure:3809: $? = 0
configure:3809: result: yes
configure:3829: checking for getpagesize
configure:3829: gcc -o conftest -g -O2   conftest.c  >&5
configure:3829: $? = 0
configure:3829: result: yes
configure:3838: checking for working mmap
configure:3985: gcc -o conftest -g -O2   conftest.c  >&5
configure:3985: $? = 0
configure:3985: ./conftest
configure:3985: $? = 0
configure:3995: result: yes
configure:4007: checking for memset
configure:4007: gcc -o conftest -g -O2   conftest.c  >&5
conftest.c:54:6: warning: conflicting types for built-in function 'memset'; expected 'void *(void *, int,  long unsigned int)' [-Wbuiltin-declaration-mismatch]
   54 | char memset ();
      |      ^~~~~~
conftest.c:42:1: note: 'memset' is declared in header '<string.h>'
   41 | # include <limits.h>
   42 | #else
configure:4007: $? = 0
configure:4007: result: yes
configure:4007: checking for munmap
configure:4007: gcc -o conftest -g -O2   conftest.c  >&5
configure:4007: $? = 0
configure:4007: result: yes
configure:4125: creating ./config.status

## ---------------------- ##
## Running config.status. ##
## ---------------------- ##

This file was extended by FULL-PACKAGE-NAME config.status VERSION, which was
generated by GNU Autoconf 2.69.  Invocation command line was

  CONFIG_FILES    = 
  CONFIG_HEADERS  = 
  CONFIG_LINKS    = 
  CONFIG_COMMANDS = 
  $ ./config.status 

on puter

config.status:821: creating src/Makefile
config.status:821: creating libuser/Makefile
config.status:821: creating pterm/Makefile
config.status:821: creating Makefile
config.status:821: creating libdisk/Makefile
config.status:821: creating config.mk
config.status:821: creating config.h
config.status:996: config.h is unchanged

## ---------------- ##
## Cache variables. ##
## ---------------- ##

ac_cv_c_compiler_gnu=yes
ac_cv_env_CC_set=
ac_cv_env_CC_value=
ac_cv_env_CFLAGS_set=
ac_cv_env_CFLAGS_value=
ac_cv_env_CPPFLAGS_set=
ac_cv_env_CPPFLAGS_value=
ac_cv_env_CPP_set=
ac_cv_env_CPP_value=
ac_cv_env_LDFLAGS_set=
ac_cv_env_LDFLAGS_value=
ac_cv_env_LIBS_set=
ac_cv_env_LIBS_value=
ac_cv_env_build_alias_set=
ac_cv_env_build_alias_value=
ac_cv_env_host_alias_set=
ac_cv_env_host_alias_value=
ac_cv_env_target_alias_set=
ac_cv_env_target_alias_value=
ac_cv_func_getpagesize=yes
ac_cv_func_malloc_0_nonnull=yes
ac_cv_func_memset=yes
ac_cv_func_mmap_fixed_mapped=yes
ac_cv_func_munmap=yes
ac_cv_header_fcntl_h=yes
ac_cv_header_inttypes_h=yes
ac_cv_header_memory_h=yes
ac_cv_header_stdc=yes
ac_cv_header_stdint_h=yes
ac_cv_header_stdlib_h=yes
ac_cv_header_string_h=yes
ac_cv_header_strings_h=yes
ac_cv_header_sys_param_h=yes
ac_cv_header_sys_stat_h=yes
ac_cv_header_sys_time_h=yes
ac_cv_header_sys_types_h=yes
ac_cv_header_unistd_h=yes
ac_cv_objext=o
ac_cv_path_EGREP='/usr/bin/grep -E'
ac_cv_path_GREP=/usr/bin/grep
ac_cv_path_install='/usr/bin/install -c'
ac_cv_prog_CPP='gcc -E'
ac_cv_prog_ac_ct_CC=gcc
ac_cv_prog_cc_c89=
ac_cv_prog_cc_c99=
ac_cv_prog_cc_g=yes
ac_cv_prog_cc_stdc=

## ----------------- ##
## Output variables. ##
## ----------------- ##

CC='gcc'
CFLAGS='-g -O2'
CPP='gcc -E'
CPPFLAGS=''
DEFS='-DHAVE_CONFIG_H'
ECHO_C=''
ECHO_N='-n'
ECHO_T=''
EGREP='/usr/bin/grep -E'
EXEEXT=''
GREP='/usr/bin/grep'
INSTALL_DATA='${INSTALL} -m 644'
INSTALL_PROGRAM='${INSTALL}'
INSTALL_SCRIPT='${INSTALL}'
LDFLAGS=''
LIBOBJS=''
LIBS=''
LN_S='ln -s'
LTLIBOBJS=''
OBJEXT='o'
PACKAGE_BUGREPORT='BUG-REPORT-ADDRESS'
PACKAGE_NAME='FULL-PACKAGE-NAME'
PACKAGE_STRING='FULL-PACKAGE-NAME VERSION'
PACKAGE_TARNAME='full-package-name'
PACKAGE_URL=''
PACKAGE_VERSION='VERSION'
PATH_SEPARATOR=':'
SHELL='/bin/sh'
ac_ct_CC='gcc'
bindir='${exec_prefix}/bin'
build_alias=''
datadir='${datarootdir}'
datarootdir='${prefix}/share'
docdir='${datarootdir}/doc/${PACKAGE_TARNAME}'
dvidir='${docdir}'
exec_prefix='${prefix}'
host_alias=''
htmldir='${docdir}'
includedir='${prefix}/include'
infodir='${datarootdir}/info'
libdir='${exec_prefix}/lib'
libexecdir='${exec_prefix}/libexec'
localedir='${datarootdir}/locale'
localstatedir='${prefix}/var'
mandir='${datarootdir}/man'
oldincludedir='/usr/include'
pdfdir='${docdir}'
prefix='/home/faygarcia/Desktop/os_folder'
program_transform_name='s,x,x,'
psdir='${docdir}'
sbindir='${exec_prefix}/sbin'
sharedstatedir='${prefix}/com'
sysconfdir='${prefix}/etc'
target_alias=''

## ----------- ##
## confdefs.h. ##
## ----------- ##

/* confdefs.h */
#define PACKAGE_NAME "FULL-PACKAGE-NAME"
#define PACKAGE_TARNAME "full-package-name"
#define PACKAGE_VERSION "VERSION"
#define PACKAGE_STRING "FULL-PACKAGE-NAME VERSION"
#define PACKAGE_BUGREPORT "BUG-REPORT-ADDRESS"
#define PACKAGE_URL ""
#define STDC_HEADERS 1
#define HAVE_SYS_TYPES_H 1
#define HAVE_SYS_STAT_H 1
#define HAVE_STDLIB_H 1
#define HAVE_STRING_H 1
#define HAVE_MEMORY_H 1
#define HAVE_STRINGS_H 1
#define HAVE_INTTYPES_H 1
#define HAVE_STDINT_H 1
#define HAVE_UNISTD_H 1
#define HAVE_FCNTL_H 1
#define HAVE_STDLIB_H 1
#define HAVE_STRING_H 1
#define HAVE_SYS_TIME_H 1
#define HAVE_UNISTD_H 1
#define HAVE_STDLIB_H 1
#define HAVE_MALLOC 1
#define HAVE_STDLIB_H 1
#define HAVE_UNISTD_H 1
#define HAVE_SYS_PARAM_H 1
#define HAVE_GETPAGESIZE 1
#define HAVE_MMAP 1
#define HAVE_MEMSET 1
#define HAVE_MUNMAP 1

configure: exit 0
